_________________________________ [tox sdist] __________________________________
[TOX] ***creating sdist package
[TOX] /Users/dhellmann/Devel/virtualenvwrapper/virtualenvwrapper-startup$ /Users/dhellmann/Envs/virtualenvwrapper/bin/python setup.py sdist --formats=zip --dist-dir .tox/dist >.tox/log/0.log
[TOX] ***copying new sdistfile to '/Users/dhellmann/.tox/distshare/virtualenvwrapper-3.3.zip'
______________________________ [tox testenv:py27] ______________________________
[TOX] ***reusing existing matching virtualenv py27
[TOX] ***upgrade-installing sdist
[TOX] /Users/dhellmann/Devel/virtualenvwrapper/virtualenvwrapper-startup/.tox/py27/log$ ../bin/pip install --download-cache=/Users/dhellmann/Devel/virtualenvwrapper/virtualenvwrapper-startup/.tox/_download /Users/dhellmann/Devel/virtualenvwrapper/virtualenvwrapper-startup/.tox/dist/virtualenvwrapper-3.3.zip -U --no-deps >21.log
[TOX] WARNING:test command found but not installed in testenv
  cmd: /bin/bash
  env: /Users/dhellmann/Devel/virtualenvwrapper/virtualenvwrapper-startup/.tox/py27
Maybe forgot to specify a dependency?
[TOX] /Users/dhellmann/Devel/virtualenvwrapper/virtualenvwrapper-startup$ /bin/bash ./tests/run_tests /Users/dhellmann/Devel/virtualenvwrapper/virtualenvwrapper-startup/.tox/py27 tests/test.sh

********************************************************************************
Running tests/test.sh
  VIRTUAL_ENV=/Users/dhellmann/Devel/virtualenvwrapper/virtualenvwrapper-startup/.tox/py27
  VIRTUALENVWRAPPER_PYTHON=/Users/dhellmann/Devel/virtualenvwrapper/virtualenvwrapper-startup/.tox/py27/bin/python
    Python 2.7.2
  PYTHONPATH=
  SHELL=/bin/bash


test_virtualenvwrapper_initialize

test_virtualenvwrapper_run_init_hooks

test_virtualenvwrapper_space_in_workon_home

test_virtualenvwrapper_verify_workon_home

test_virtualenvwrapper_verify_workon_home_missing_dir

test_virtualenvwrapper_verify_workon_home_missing_dir_quiet

test_virtualenvwrapper_verify_workon_home_missing_dir_grep_options

test_python_interpreter_set_incorrectly
Using real prefix '/Library/Frameworks/Python.framework/Versions/2.7'
New python executable in no_wrappers/bin/python
Installing distribute.............................................................................................................................................................................................done.
Installing pip...............done.

Ran 8 tests.

OK


********************************************************************************
Running tests/test.sh
  VIRTUAL_ENV=/Users/dhellmann/Devel/virtualenvwrapper/virtualenvwrapper-startup/.tox/py27
  VIRTUALENVWRAPPER_PYTHON=/Users/dhellmann/Devel/virtualenvwrapper/virtualenvwrapper-startup/.tox/py27/bin/python
    Python 2.7.2
  PYTHONPATH=
  SHELL=/bin/ksh


test_virtualenvwrapper_initialize

test_virtualenvwrapper_run_init_hooks

test_virtualenvwrapper_space_in_workon_home

test_virtualenvwrapper_verify_workon_home

test_virtualenvwrapper_verify_workon_home_missing_dir

test_virtualenvwrapper_verify_workon_home_missing_dir_quiet

test_virtualenvwrapper_verify_workon_home_missing_dir_grep_options

test_python_interpreter_set_incorrectly
Using real prefix '/Library/Frameworks/Python.framework/Versions/2.7'
New python executable in no_wrappers/bin/python
Installing distribute.............................................................................................................................................................................................done.
Installing pip...............done.

Ran 8 tests.

OK


********************************************************************************
Running tests/test.sh
  VIRTUAL_ENV=/Users/dhellmann/Devel/virtualenvwrapper/virtualenvwrapper-startup/.tox/py27
  VIRTUALENVWRAPPER_PYTHON=/Users/dhellmann/Devel/virtualenvwrapper/virtualenvwrapper-startup/.tox/py27/bin/python
    Python 2.7.2
  PYTHONPATH=
  SHELL=/bin/zsh


test_virtualenvwrapper_initialize

test_virtualenvwrapper_run_init_hooks

test_virtualenvwrapper_space_in_workon_home

test_virtualenvwrapper_verify_workon_home

test_virtualenvwrapper_verify_workon_home_missing_dir

test_virtualenvwrapper_verify_workon_home_missing_dir_quiet

test_virtualenvwrapper_verify_workon_home_missing_dir_grep_options

test_python_interpreter_set_incorrectly
Using real prefix '/Library/Frameworks/Python.framework/Versions/2.7'
New python executable in no_wrappers/bin/python
Installing distribute.............................................................................................................................................................................................done.
Installing pip...............done.

Ran 8 tests.

OK

________________________________ [tox summary] _________________________________
[TOX] py27: commands succeeded
[TOX] congratulations :)
